
6월 05, 2023 12:01:53.64 NEW SESSION
6월 05, 2023 12:01:53.64 [9492:10632:0605/120153.638:ERROR:interface_endpoint_client.cc(697)] Message 1 rejected by interface blink.mojom.WidgetHost
6월 05, 2023 12:02:17.35 [9492:10632:0605/120217.358:ERROR:page_load_metrics_update_dispatcher.cc(66)] Received null navigation_start.

6월 12, 2023 17:05:02.78 NEW SESSION
6월 12, 2023 17:05:02.78 [6976:9512:0612/170502.753:ERROR:CONSOLE(1)] "Request CacheStorage.requestCacheNames failed. {"code":-32602,"message":"Storage key corresponds to invalid origin"}", source: devtools://devtools/bundled/devtools-frontend/front_end/core/protocol_client/protocol_client.js (1)
6월 12, 2023 17:05:02.78 [6976:9512:0612/170502.753:ERROR:CONSOLE(1)] "Request CacheStorage.requestCacheNames failed. {"code":-32602,"message":"Storage key corresponds to invalid origin"}", source: devtools://devtools/bundled/devtools-frontend/front_end/core/protocol_client/protocol_client.js (1)
6월 12, 2023 17:36:52.38 [6976:9512:0612/173652.385:ERROR:interface_endpoint_client.cc(697)] Message 0 rejected by interface blink.mojom.WidgetHost
6월 12, 2023 17:37:42.53 [6976:9512:0612/173742.537:ERROR:interface_endpoint_client.cc(697)] Message 0 rejected by interface blink.mojom.WidgetHost

6월 14, 2023 11:13:53.18 NEW SESSION
6월 14, 2023 11:13:53.18 [2840:8528:0614/111353.174:ERROR:interface_endpoint_client.cc(697)] Message 1 rejected by interface blink.mojom.WidgetHost
6월 14, 2023 13:27:09.04 [2840:8528:0614/132709.049:ERROR:device_event_log_impl.cc(222)] [13:27:09.047] USB: usb_service_win.cc:104 SetupDiGetDeviceProperty({{A45C254E-DF1C-4EFD-8020-67D146A850E0}, 6}) failed: 요소가 없습니다. (0x490)
6월 14, 2023 15:13:53.82 [2840:8528:0614/151353.826:ERROR:interface_endpoint_client.cc(697)] Message 0 rejected by interface blink.mojom.WidgetHost

6월 16, 2023 13:07:53.46 NEW SESSION
6월 16, 2023 13:07:53.46 [10800:3372:0616/130753.425:ERROR:interface_endpoint_client.cc(697)] Message 0 rejected by interface blink.mojom.WidgetHost

6월 19, 2023 12:24:34.22 NEW SESSION
6월 19, 2023 12:24:34.22 [7900:10756:0619/122434.223:ERROR:device_event_log_impl.cc(222)] [12:24:34.211] USB: usb_service_win.cc:104 SetupDiGetDeviceProperty({{A45C254E-DF1C-4EFD-8020-67D146A850E0}, 6}) failed: 요소가 없습니다. (0x490)

6월 20, 2023 10:00:07.78 NEW SESSION
6월 20, 2023 10:00:07.78 [4508:5736:0620/100007.779:ERROR:interface_endpoint_client.cc(697)] Message 0 rejected by interface blink.mojom.WidgetHost
6월 20, 2023 13:20:35.89 [4508:5736:0620/132035.890:ERROR:interface_endpoint_client.cc(697)] Message 1 rejected by interface blink.mojom.WidgetHost
6월 20, 2023 14:22:10.07 [4508:5736:0620/142210.075:ERROR:interface_endpoint_client.cc(697)] Message 0 rejected by interface blink.mojom.WidgetHost

6월 21, 2023 16:06:02.38 NEW SESSION
6월 21, 2023 16:06:02.38 [8700:5668:0621/160602.384:ERROR:interface_endpoint_client.cc(697)] Message 0 rejected by interface blink.mojom.WidgetHost
6월 21, 2023 17:14:56.03 [8700:5668:0621/171456.038:ERROR:interface_endpoint_client.cc(697)] Message 0 rejected by interface blink.mojom.WidgetHost

6월 23, 2023 10:50:02.75 NEW SESSION
6월 23, 2023 10:50:02.75 [10612:10236:0623/105002.740:ERROR:device_event_log_impl.cc(222)] [10:50:02.740] USB: usb_service_win.cc:104 SetupDiGetDeviceProperty({{A45C254E-DF1C-4EFD-8020-67D146A850E0}, 6}) failed: 요소가 없습니다. (0x490)

6월 26, 2023 12:07:25.79 NEW SESSION
6월 26, 2023 12:07:25.79 [8556:5916:0626/120725.783:ERROR:interface_endpoint_client.cc(697)] Message 1 rejected by interface blink.mojom.WidgetHost
6월 26, 2023 13:35:23.80 [8556:5916:0626/133523.801:ERROR:interface_endpoint_client.cc(697)] Message 0 rejected by interface blink.mojom.WidgetHost
6월 26, 2023 14:17:55.52 [2204:11408:0626/141755.525:ERROR:interface_endpoint_client.cc(697)] Message 1 rejected by interface blink.mojom.WidgetHost
6월 26, 2023 17:07:56.11 [2204:11408:0626/170756.118:ERROR:interface_endpoint_client.cc(697)] Message 0 rejected by interface blink.mojom.WidgetHost

6월 27, 2023 11:58:57.20 NEW SESSION
6월 27, 2023 11:58:57.20 [3240:5444:0627/115857.204:ERROR:interface_endpoint_client.cc(697)] Message 0 rejected by interface blink.mojom.WidgetHost
6월 27, 2023 15:57:46.17 [3240:5444:0627/155746.170:ERROR:interface_endpoint_client.cc(697)] Message 0 rejected by interface blink.mojom.WidgetHost

6월 28, 2023 12:58:16.69 NEW SESSION
6월 28, 2023 12:58:16.69 [13028:512:0628/125816.671:ERROR:interface_endpoint_client.cc(697)] Message 1 rejected by interface blink.mojom.WidgetHost

6월 28, 2023 17:22:31.12 NEW SESSION
6월 28, 2023 17:22:31.12 [2624:12332:0628/172231.118:ERROR:interface_endpoint_client.cc(697)] Message 1 rejected by interface blink.mojom.WidgetHost
